[28/Jun/2023:11:00:08 +0900] 0:0:0:0:0:0:0:1 - 400 (0 ms)
[28/Jun/2023:11:00:08 +0900] 0:0:0:0:0:0:0:1 - 400 (0 ms)
[28/Jun/2023:11:00:19 +0900] 0:0:0:0:0:0:0:1 - 400 (0 ms)
[28/Jun/2023:11:00:19 +0900] 0:0:0:0:0:0:0:1 - 400 (0 ms)
[28/Jun/2023:11:00:19 +0900] 0:0:0:0:0:0:0:1 GET /api/library/info HTTP/1.1 200 (130 ms)
[28/Jun/2023:11:00:20 +0900] 0:0:0:0:0:0:0:1 GET /favicon.ico HTTP/1.1 404 (245 ms)
[28/Jun/2023:11:01:25 +0900] 0:0:0:0:0:0:0:1 - 400 (0 ms)
[28/Jun/2023:11:01:25 +0900] 0:0:0:0:0:0:0:1 - 400 (0 ms)
[28/Jun/2023:11:01:25 +0900] 0:0:0:0:0:0:0:1 GET /api/library/info HTTP/1.1 200 (117 ms)
[28/Jun/2023:11:01:27 +0900] 0:0:0:0:0:0:0:1 GET /api/library/info HTTP/1.1 200 (4 ms)
[28/Jun/2023:11:01:27 +0900] 0:0:0:0:0:0:0:1 - 400 (0 ms)
[28/Jun/2023:11:02:30 +0900] 0:0:0:0:0:0:0:1 - 400 (0 ms)
[28/Jun/2023:11:02:30 +0900] 0:0:0:0:0:0:0:1 - 400 (0 ms)
[28/Jun/2023:11:02:30 +0900] 0:0:0:0:0:0:0:1 GET /api/library/info HTTP/1.1 500 (118 ms)
[28/Jun/2023:11:03:30 +0900] 0:0:0:0:0:0:0:1 - 400 (0 ms)
[28/Jun/2023:11:03:30 +0900] 0:0:0:0:0:0:0:1 - 400 (0 ms)
[28/Jun/2023:11:03:30 +0900] 0:0:0:0:0:0:0:1 GET /api/library/info HTTP/1.1 500 (11 ms)
[28/Jun/2023:11:03:33 +0900] 0:0:0:0:0:0:0:1 - 400 (0 ms)
[28/Jun/2023:11:03:33 +0900] 0:0:0:0:0:0:0:1 - 400 (0 ms)
[28/Jun/2023:11:03:33 +0900] 0:0:0:0:0:0:0:1 GET /api/library/member HTTP/1.1 200 (168 ms)
[28/Jun/2023:11:03:38 +0900] 0:0:0:0:0:0:0:1 GET /api/library/info HTTP/1.1 500 (13 ms)
[28/Jun/2023:11:03:38 +0900] 0:0:0:0:0:0:0:1 - 400 (0 ms)
[28/Jun/2023:11:04:54 +0900] 127.0.0.1 - 400 (0 ms)
[28/Jun/2023:11:04:54 +0900] 127.0.0.1 - 400 (0 ms)
[28/Jun/2023:11:04:54 +0900] 127.0.0.1 - 400 (0 ms)
[28/Jun/2023:11:04:54 +0900] 0:0:0:0:0:0:0:1 GET /api/library/info HTTP/1.1 200 (155 ms)
[28/Jun/2023:11:05:57 +0900] 0:0:0:0:0:0:0:1 - 400 (50 ms)
[28/Jun/2023:11:05:57 +0900] 0:0:0:0:0:0:0:1 - 400 (1 ms)
[28/Jun/2023:11:05:57 +0900] 0:0:0:0:0:0:0:1 - 400 (2 ms)
[28/Jun/2023:11:05:57 +0900] 0:0:0:0:0:0:0:1 - 400 (0 ms)
[28/Jun/2023:11:06:02 +0900] 0:0:0:0:0:0:0:1 GET /api/library/info HTTP/1.1 200 (93 ms)
[28/Jun/2023:11:06:02 +0900] 0:0:0:0:0:0:0:1 - 400 (2 ms)
[28/Jun/2023:11:06:02 +0900] 0:0:0:0:0:0:0:1 - 400 (1 ms)
[28/Jun/2023:11:06:03 +0900] 0:0:0:0:0:0:0:1 GET /favicon.ico HTTP/1.1 404 (92 ms)
