[22/Mar/2023:17:35:55 +0900] 0:0:0:0:0:0:0:1 GET /api/library/listHeaders HTTP/1.1 200 (178 ms)
[22/Mar/2023:17:35:56 +0900] 0:0:0:0:0:0:0:1 GET /favicon.ico HTTP/1.1 404 (62 ms)
[22/Mar/2023:17:36:00 +0900] 0:0:0:0:0:0:0:1 GET /api/library/member/ HTTP/1.1 200 (195 ms)
[22/Mar/2023:17:36:15 +0900] 0:0:0:0:0:0:0:1 GET /h2-console HTTP/1.1 302 (8 ms)
[22/Mar/2023:17:36:15 +0900] 0:0:0:0:0:0:0:1 GET /h2-console/ HTTP/1.1 200 (18 ms)
[22/Mar/2023:17:36:15 +0900] 0:0:0:0:0:0:0:1 GET /h2-console/stylesheet.css HTTP/1.1 200 (10 ms)
[22/Mar/2023:17:36:15 +0900] 0:0:0:0:0:0:0:1 GET /h2-console/login.jsp?jsessionid=fe7130b1207dc41c23d56da732452837 HTTP/1.1 200 (6 ms)
[22/Mar/2023:17:36:15 +0900] 0:0:0:0:0:0:0:1 GET /h2-console/background.gif HTTP/1.1 200 (4 ms)
[22/Mar/2023:17:36:19 +0900] 0:0:0:0:0:0:0:1 POST /h2-console/login.do?jsessionid=fe7130b1207dc41c23d56da732452837 HTTP/1.1 200 (9 ms)
[22/Mar/2023:17:36:31 +0900] 0:0:0:0:0:0:0:1 POST /h2-console/login.do?jsessionid=fe7130b1207dc41c23d56da732452837 HTTP/1.1 200 (4 ms)
[22/Mar/2023:17:36:31 +0900] 0:0:0:0:0:0:0:1 GET /h2-console/stylesheet.css HTTP/1.1 304 (2 ms)
[22/Mar/2023:17:36:50 +0900] 0:0:0:0:0:0:0:1 POST /h2-console/login.do?jsessionid=fe7130b1207dc41c23d56da732452837 HTTP/1.1 200 (5 ms)
[22/Mar/2023:17:36:50 +0900] 0:0:0:0:0:0:0:1 GET /h2-console/stylesheet.css HTTP/1.1 304 (1 ms)
[22/Mar/2023:17:36:50 +0900] 0:0:0:0:0:0:0:1 GET /h2-console/header.jsp?jsessionid=fe7130b1207dc41c23d56da732452837 HTTP/1.1 200 (4 ms)
[22/Mar/2023:17:36:50 +0900] 0:0:0:0:0:0:0:1 GET /h2-console/tables.do?jsessionid=fe7130b1207dc41c23d56da732452837 HTTP/1.1 200 (47 ms)
[22/Mar/2023:17:36:50 +0900] 0:0:0:0:0:0:0:1 GET /h2-console/query.jsp?jsessionid=fe7130b1207dc41c23d56da732452837 HTTP/1.1 200 (4 ms)
[22/Mar/2023:17:36:50 +0900] 0:0:0:0:0:0:0:1 GET /h2-console/help.jsp?jsessionid=fe7130b1207dc41c23d56da732452837 HTTP/1.1 200 (3 ms)
[22/Mar/2023:17:36:50 +0900] 0:0:0:0:0:0:0:1 GET /h2-console/icon_disconnect.gif HTTP/1.1 200 (5 ms)
[22/Mar/2023:17:36:50 +0900] 0:0:0:0:0:0:0:1 GET /h2-console/icon_line.gif HTTP/1.1 200 (5 ms)
[22/Mar/2023:17:36:50 +0900] 0:0:0:0:0:0:0:1 GET /h2-console/icon_refresh.gif HTTP/1.1 200 (6 ms)
[22/Mar/2023:17:36:50 +0900] 0:0:0:0:0:0:0:1 GET /h2-console/icon_help.gif HTTP/1.1 200 (4 ms)
[22/Mar/2023:17:36:50 +0900] 0:0:0:0:0:0:0:1 GET /h2-console/icon_stop.gif HTTP/1.1 200 (3 ms)
[22/Mar/2023:17:36:50 +0900] 0:0:0:0:0:0:0:1 GET /h2-console/icon_history.gif HTTP/1.1 200 (3 ms)
[22/Mar/2023:17:36:50 +0900] 0:0:0:0:0:0:0:1 GET /h2-console/icon_run_selected.gif HTTP/1.1 200 (3 ms)
[22/Mar/2023:17:36:50 +0900] 0:0:0:0:0:0:0:1 GET /h2-console/tree.js HTTP/1.1 200 (4 ms)
[22/Mar/2023:17:36:50 +0900] 0:0:0:0:0:0:0:1 GET /h2-console/icon_rollback.gif HTTP/1.1 200 (3 ms)
[22/Mar/2023:17:36:50 +0900] 0:0:0:0:0:0:0:1 GET /h2-console/icon_commit.gif HTTP/1.1 200 (3 ms)
[22/Mar/2023:17:36:50 +0900] 0:0:0:0:0:0:0:1 GET /h2-console/icon_run.gif HTTP/1.1 200 (4 ms)
[22/Mar/2023:17:36:50 +0900] 0:0:0:0:0:0:0:1 GET /h2-console/tree_minus.gif HTTP/1.1 200 (4 ms)
[22/Mar/2023:17:36:50 +0900] 0:0:0:0:0:0:0:1 GET /h2-console/tree_plus.gif HTTP/1.1 200 (3 ms)
[22/Mar/2023:17:36:50 +0900] 0:0:0:0:0:0:0:1 GET /h2-console/tree_database.gif HTTP/1.1 200 (2 ms)
[22/Mar/2023:17:36:50 +0900] 0:0:0:0:0:0:0:1 GET /h2-console/tree_table.gif HTTP/1.1 200 (2 ms)
[22/Mar/2023:17:36:50 +0900] 0:0:0:0:0:0:0:1 GET /h2-console/tree_empty.gif HTTP/1.1 200 (3 ms)
[22/Mar/2023:17:36:50 +0900] 0:0:0:0:0:0:0:1 GET /h2-console/tree_column.gif HTTP/1.1 200 (4 ms)
[22/Mar/2023:17:36:50 +0900] 0:0:0:0:0:0:0:1 GET /h2-console/tree_type.gif HTTP/1.1 200 (3 ms)
[22/Mar/2023:17:36:50 +0900] 0:0:0:0:0:0:0:1 GET /h2-console/tree_users.gif HTTP/1.1 200 (2 ms)
[22/Mar/2023:17:36:50 +0900] 0:0:0:0:0:0:0:1 GET /h2-console/tree_info.gif HTTP/1.1 200 (3 ms)
[22/Mar/2023:17:36:50 +0900] 0:0:0:0:0:0:0:1 GET /h2-console/tree_sequences.gif HTTP/1.1 200 (3 ms)
[22/Mar/2023:17:36:50 +0900] 0:0:0:0:0:0:0:1 GET /h2-console/tree_folder.gif HTTP/1.1 200 (3 ms)
[22/Mar/2023:17:36:50 +0900] 0:0:0:0:0:0:0:1 GET /h2-console/tree_index_az.gif HTTP/1.1 200 (4 ms)
[22/Mar/2023:17:36:50 +0900] 0:0:0:0:0:0:0:1 GET /h2-console/tree_index.gif HTTP/1.1 200 (2 ms)
[22/Mar/2023:17:36:50 +0900] 0:0:0:0:0:0:0:1 GET /h2-console/tree_sequence.gif HTTP/1.1 200 (2 ms)
[22/Mar/2023:17:36:50 +0900] 0:0:0:0:0:0:0:1 GET /h2-console/tree_user.gif HTTP/1.1 200 (3 ms)
[22/Mar/2023:17:40:09 +0900] 0:0:0:0:0:0:0:1 POST /h2-console/query.do?jsessionid=fe7130b1207dc41c23d56da732452837 HTTP/1.1 200 (6 ms)
[22/Mar/2023:17:40:09 +0900] 0:0:0:0:0:0:0:1 GET /h2-console/stylesheet.css HTTP/1.1 304 (1 ms)
[22/Mar/2023:17:40:09 +0900] 0:0:0:0:0:0:0:1 GET /h2-console/table.js HTTP/1.1 200 (4 ms)
[22/Mar/2023:17:40:27 +0900] 0:0:0:0:0:0:0:1 POST /h2-console/query.do?jsessionid=fe7130b1207dc41c23d56da732452837 HTTP/1.1 200 (1 ms)
[22/Mar/2023:17:40:27 +0900] 0:0:0:0:0:0:0:1 GET /h2-console/stylesheet.css HTTP/1.1 304 (1 ms)
[22/Mar/2023:17:40:27 +0900] 0:0:0:0:0:0:0:1 GET /h2-console/table.js HTTP/1.1 304 (1 ms)
[22/Mar/2023:17:41:17 +0900] 0:0:0:0:0:0:0:1 POST /api/library/member HTTP/1.1 200 (107 ms)
[22/Mar/2023:17:41:38 +0900] 0:0:0:0:0:0:0:1 GET /api/library/member/1 HTTP/1.1 200 (21 ms)
[22/Mar/2023:17:42:54 +0900] 0:0:0:0:0:0:0:1 GET /api/library/ HTTP/1.1 404 (27 ms)
[22/Mar/2023:17:43:00 +0900] 0:0:0:0:0:0:0:1 GET /api/library/info HTTP/1.1 404 (6 ms)
[22/Mar/2023:17:43:05 +0900] 0:0:0:0:0:0:0:1 GET / HTTP/1.1 404 (3 ms)
[22/Mar/2023:17:49:35 +0900] 0:0:0:0:0:0:0:1 POST /api/library/member HTTP/1.1 200 (182 ms)
[22/Mar/2023:17:49:44 +0900] 0:0:0:0:0:0:0:1 POST /api/library/info HTTP/1.1 405 (12 ms)
[22/Mar/2023:17:49:55 +0900] 0:0:0:0:0:0:0:1 POST /api/library HTTP/1.1 404 (10 ms)
[22/Mar/2023:17:49:59 +0900] 0:0:0:0:0:0:0:1 POST /api/library/info HTTP/1.1 405 (4 ms)
[22/Mar/2023:17:50:07 +0900] 0:0:0:0:0:0:0:1 GET /api/library/info HTTP/1.1 200 (4 ms)
